Using pre-set license
Built from '2020.3/release' branch; Version is '2020.3.7f1 (dd97f2c94397) revision 14522354'; Using compiler version '192528614'; Build Type 'Release'
OS: 'Windows 10 Home Single Language; OS build 19042.1052; Version 2009; 64bit' Language: 'tr' Physical Memory: 16221 MB
BatchMode: 1, IsHumanControllingUs: 0, StartBugReporterOnCrash: 0, Is64bit: 1, IsPro: 0

 COMMAND LINE ARGUMENTS:
C:\Program Files\Unity\Hub\Editor\2020.3.7f1\Editor\Unity.exe
-adb2
-batchMode
-noUpm
-name
AssetImportWorker0
-projectPath
C:/Users/abdul/Documents/GitHub/3D-Lighting/3Dlighting
-logFile
Logs/AssetImportWorker0.log
-srvPort
57415
Successfully changed project path to: C:/Users/abdul/Documents/GitHub/3D-Lighting/3Dlighting
C:/Users/abdul/Documents/GitHub/3D-Lighting/3Dlighting
Using Asset Import Pipeline V2.
Refreshing native plugins compatible for Editor in 19.62 ms, found 0 plugins.
Preloading 0 native plugins for Editor in 0.00 ms.
Initialize engine version: 2020.3.7f1 (dd97f2c94397)
[Subsystems] Discovering subsystems at path C:/Program Files/Unity/Hub/Editor/2020.3.7f1/Editor/Data/Resources/UnitySubsystems
[Subsystems] Discovering subsystems at path C:/Users/abdul/Documents/GitHub/3D-Lighting/3Dlighting/Assets
GfxDevice: creating device client; threaded=0
Direct3D:
    Version:  Direct3D 11.0 [level 11.1]
    Renderer: NVIDIA GeForce GTX 1650 Ti (ID=0x1f95)
    Vendor:   
    VRAM:     3962 MB
    Driver:   27.21.14.6242
Initialize mono
Mono path[0] = 'C:/Program Files/Unity/Hub/Editor/2020.3.7f1/Editor/Data/Managed'
Mono path[1] = 'C:/Program Files/Unity/Hub/Editor/2020.3.7f1/Editor/Data/MonoBleedingEdge/lib/mono/unityjit'
Mono config path = 'C:/Program Files/Unity/Hub/Editor/2020.3.7f1/Editor/Data/MonoBleedingEdge/etc'
Using monoOptions --debugger-agent=transport=dt_socket,embedding=1,server=y,suspend=n,address=127.0.0.1:56440
Begin MonoManager ReloadAssembly
Registering precompiled unity dll's ...
Register platform support module: C:/Program Files/Unity/Hub/Editor/2020.3.7f1/Editor/Data/PlaybackEngines/MacStandaloneSupport/UnityEditor.OSXStandalone.Extensions.dll
Register platform support module: C:/Program Files/Unity/Hub/Editor/2020.3.7f1/Editor/Data/PlaybackEngines/WindowsStandaloneSupport/UnityEditor.WindowsStandalone.Extensions.dll
Registered in 0.001870 seconds.
Native extension for WindowsStandalone target not found
Native extension for OSXStandalone target not found
Refreshing native plugins compatible for Editor in 19.26 ms, found 0 plugins.
Preloading 0 native plugins for Editor in 0.00 ms.
Mono: successfully reloaded assembly
- Completed reload, in  1.469 seconds
Platform modules already initialized, skipping
Registering precompiled user dll's ...
Registered in 0.000549 seconds.
Begin MonoManager ReloadAssembly
Native extension for WindowsStandalone target not found
Native extension for OSXStandalone target not found
Refreshing native plugins compatible for Editor in 0.18 ms, found 0 plugins.
Preloading 0 native plugins for Editor in 0.00 ms.
Mono: successfully reloaded assembly
- Completed reload, in  0.674 seconds
Platform modules already initialized, skipping
========================================================================
Worker process is ready to serve import requests
Launched and connected shader compiler UnityShaderCompiler.exe after 0.03 seconds
Refreshing native plugins compatible for Editor in 0.20 ms, found 0 plugins.
Preloading 0 native plugins for Editor in 0.00 ms.
Unloading 1115 Unused Serialized files (Serialized files now loaded: 0)
System memory in use before: 57.2 MB.
System memory in use after: 57.2 MB.

Unloading 10 unused Assets to reduce memory usage. Loaded Objects now: 1557.
Total: 1.424200 ms (FindLiveObjects: 0.117200 ms CreateObjectMapping: 0.034300 ms MarkObjects: 1.211000 ms  DeleteObjects: 0.061100 ms)

========================================================================
Received Import Request.
  path: Assets/Monkey.blend
  artifactKey: Guid(9534cda758216864e963d88297be066a) Importer(815301076,1909f56bfc062723c751e8b465ee728b)
Start importing Assets/Monkey.blend using Guid(9534cda758216864e963d88297be066a) Importer(815301076,1909f56bfc062723c751e8b465ee728b)  -> (artifact id: '0023d498de720668fc9934e85cfc067d') in 0.112924 seconds
  Import took 0.114658 seconds .

========================================================================
Received Import Request.
  Time since last request: 0.000163 seconds.
  path: Assets/Room.blend
  artifactKey: Guid(29b204224da9fd54f970ff0a6558821d) Importer(815301076,1909f56bfc062723c751e8b465ee728b)
Start importing Assets/Room.blend using Guid(29b204224da9fd54f970ff0a6558821d) Importer(815301076,1909f56bfc062723c751e8b465ee728b)  -> (artifact id: '0fbff637c86a137755069fffcfea2a4e') in 0.030390 seconds
  Import took 0.031933 seconds .

========================================================================
Received Prepare
Registering precompiled user dll's ...
Registered in 0.000653 seconds.
Begin MonoManager ReloadAssembly
Native extension for WindowsStandalone target not found
Native extension for OSXStandalone target not found
Refreshing native plugins compatible for Editor in 0.17 ms, found 0 plugins.
Preloading 0 native plugins for Editor in 0.00 ms.
Mono: successfully reloaded assembly
- Completed reload, in  0.659 seconds
Platform modules already initialized, skipping
Refreshing native plugins compatible for Editor in 0.19 ms, found 0 plugins.
Preloading 0 native plugins for Editor in 0.00 ms.
Unloading 1110 Unused Serialized files (Serialized files now loaded: 0)
System memory in use before: 60.5 MB.
System memory in use after: 60.6 MB.

Unloading 6 unused Assets to reduce memory usage. Loaded Objects now: 1603.
Total: 1.268600 ms (FindLiveObjects: 0.115800 ms CreateObjectMapping: 0.031500 ms MarkObjects: 1.080400 ms  DeleteObjects: 0.040400 ms)

========================================================================
Received Prepare
Registering precompiled user dll's ...
Registered in 0.000735 seconds.
Begin MonoManager ReloadAssembly
Native extension for WindowsStandalone target not found
Native extension for OSXStandalone target not found
Refreshing native plugins compatible for Editor in 0.18 ms, found 0 plugins.
Preloading 0 native plugins for Editor in 0.00 ms.
Mono: successfully reloaded assembly
- Completed reload, in  0.653 seconds
Platform modules already initialized, skipping
Refreshing native plugins compatible for Editor in 0.19 ms, found 0 plugins.
Preloading 0 native plugins for Editor in 0.00 ms.
Unloading 1110 Unused Serialized files (Serialized files now loaded: 0)
System memory in use before: 60.5 MB.
System memory in use after: 60.6 MB.

Unloading 5 unused Assets to reduce memory usage. Loaded Objects now: 1606.
Total: 1.335400 ms (FindLiveObjects: 0.122000 ms CreateObjectMapping: 0.034000 ms MarkObjects: 1.138100 ms  DeleteObjects: 0.040600 ms)

========================================================================
Received Prepare
Registering precompiled user dll's ...
Registered in 0.000881 seconds.
Begin MonoManager ReloadAssembly
Native extension for WindowsStandalone target not found
Native extension for OSXStandalone target not found
Refreshing native plugins compatible for Editor in 0.17 ms, found 0 plugins.
Preloading 0 native plugins for Editor in 0.00 ms.
Mono: successfully reloaded assembly
- Completed reload, in  0.658 seconds
Platform modules already initialized, skipping
Refreshing native plugins compatible for Editor in 0.18 ms, found 0 plugins.
Preloading 0 native plugins for Editor in 0.00 ms.
Unloading 1110 Unused Serialized files (Serialized files now loaded: 0)
System memory in use before: 60.6 MB.
System memory in use after: 60.6 MB.

Unloading 5 unused Assets to reduce memory usage. Loaded Objects now: 1609.
Total: 1.517300 ms (FindLiveObjects: 0.128200 ms CreateObjectMapping: 0.031200 ms MarkObjects: 1.315900 ms  DeleteObjects: 0.041100 ms)

========================================================================
Received Import Request.
  Time since last request: 286.387400 seconds.
  path: Assets
  artifactKey: Guid(00000000000000001000000000000000) Importer(815301076,1909f56bfc062723c751e8b465ee728b)
Start importing Assets using Guid(00000000000000001000000000000000) Importer(815301076,1909f56bfc062723c751e8b465ee728b)  -> (artifact id: '5f6a1853b736837ecfb0820a881449cb') in 0.008239 seconds
  Import took 0.009942 seconds .

========================================================================
Received Import Request.
  Time since last request: 8.609363 seconds.
  path: Assets/Orange Light.mat
  artifactKey: Guid(5b09cc6d896236d4fb1e8dced1f7ff7a) Importer(815301076,1909f56bfc062723c751e8b465ee728b)
Start importing Assets/Orange Light.mat using Guid(5b09cc6d896236d4fb1e8dced1f7ff7a) Importer(815301076,1909f56bfc062723c751e8b465ee728b)  -> (artifact id: '94b0bd03b7bb9f97db28d617a4dbef3e') in 0.055391 seconds
  Import took 0.057118 seconds .

========================================================================
Received Import Request.
  Time since last request: 132.229220 seconds.
  path: Assets/New Material.mat
  artifactKey: Guid(2a212cc73ad2d6e43a7d2de833e294b9) Importer(815301076,1909f56bfc062723c751e8b465ee728b)
Start importing Assets/New Material.mat using Guid(2a212cc73ad2d6e43a7d2de833e294b9) Importer(815301076,1909f56bfc062723c751e8b465ee728b)  -> (artifact id: '6afbd4273274136e0b14b4baf32a5c11') in 0.014311 seconds
  Import took 0.016152 seconds .

========================================================================
Received Prepare
Registering precompiled user dll's ...
Registered in 0.000504 seconds.
Begin MonoManager ReloadAssembly
Native extension for WindowsStandalone target not found
Native extension for OSXStandalone target not found
Refreshing native plugins compatible for Editor in 0.24 ms, found 0 plugins.
Preloading 0 native plugins for Editor in 0.00 ms.
Mono: successfully reloaded assembly
- Completed reload, in  0.644 seconds
Platform modules already initialized, skipping
Refreshing native plugins compatible for Editor in 0.18 ms, found 0 plugins.
Preloading 0 native plugins for Editor in 0.00 ms.
Unloading 1110 Unused Serialized files (Serialized files now loaded: 0)
System memory in use before: 60.6 MB.
System memory in use after: 60.7 MB.

Unloading 5 unused Assets to reduce memory usage. Loaded Objects now: 1613.
Total: 1.336100 ms (FindLiveObjects: 0.118300 ms CreateObjectMapping: 0.031200 ms MarkObjects: 1.147000 ms  DeleteObjects: 0.038500 ms)

========================================================================
Received Prepare
Registering precompiled user dll's ...
Registered in 0.000442 seconds.
Begin MonoManager ReloadAssembly
Native extension for WindowsStandalone target not found
Native extension for OSXStandalone target not found
Refreshing native plugins compatible for Editor in 0.17 ms, found 0 plugins.
Preloading 0 native plugins for Editor in 0.00 ms.
Mono: successfully reloaded assembly
- Completed reload, in  0.633 seconds
Platform modules already initialized, skipping
Refreshing native plugins compatible for Editor in 0.19 ms, found 0 plugins.
Preloading 0 native plugins for Editor in 0.00 ms.
Unloading 1110 Unused Serialized files (Serialized files now loaded: 0)
System memory in use before: 60.6 MB.
System memory in use after: 60.7 MB.

Unloading 5 unused Assets to reduce memory usage. Loaded Objects now: 1616.
Total: 1.297000 ms (FindLiveObjects: 0.128600 ms CreateObjectMapping: 0.034300 ms MarkObjects: 1.095000 ms  DeleteObjects: 0.038100 ms)

========================================================================
Received Import Request.
  Time since last request: 607.659807 seconds.
  path: Assets/Blue Light.mat
  artifactKey: Guid(8171ccdffba3e0e439792ce1d2baa61b) Importer(815301076,1909f56bfc062723c751e8b465ee728b)
Start importing Assets/Blue Light.mat using Guid(8171ccdffba3e0e439792ce1d2baa61b) Importer(815301076,1909f56bfc062723c751e8b465ee728b)  -> (artifact id: '24aeaecf6fbee00f2b58cd458892d7a3') in 0.778699 seconds
  Import took 0.804477 seconds .

========================================================================
Received Import Request.
  Time since last request: 68.881600 seconds.
  path: Assets/Blue Light.mat
  artifactKey: Guid(8171ccdffba3e0e439792ce1d2baa61b) Importer(815301076,1909f56bfc062723c751e8b465ee728b)
Start importing Assets/Blue Light.mat using Guid(8171ccdffba3e0e439792ce1d2baa61b) Importer(815301076,1909f56bfc062723c751e8b465ee728b)  -> (artifact id: 'c8cf63fdbb177e5d512d137f44d9b7fd') in 0.022050 seconds
  Import took 0.024129 seconds .

========================================================================
Received Import Request.
  Time since last request: 0.000133 seconds.
  path: Assets/New Material.mat
  artifactKey: Guid(2a212cc73ad2d6e43a7d2de833e294b9) Importer(815301076,1909f56bfc062723c751e8b465ee728b)
Start importing Assets/New Material.mat using Guid(2a212cc73ad2d6e43a7d2de833e294b9) Importer(815301076,1909f56bfc062723c751e8b465ee728b)  -> (artifact id: 'd54619821e2589e281a8d36ee072dc4a') in 0.011798 seconds
  Import took 0.013956 seconds .

========================================================================
Received Import Request.
  Time since last request: 25.544736 seconds.
  path: Assets/Blue Light.mat
  artifactKey: Guid(8171ccdffba3e0e439792ce1d2baa61b) Importer(815301076,1909f56bfc062723c751e8b465ee728b)
Start importing Assets/Blue Light.mat using Guid(8171ccdffba3e0e439792ce1d2baa61b) Importer(815301076,1909f56bfc062723c751e8b465ee728b)  -> (artifact id: '33515b83a075dc326dabf4a4f68356dc') in 0.017688 seconds
  Import took 0.019556 seconds .

========================================================================
Received Prepare
Registering precompiled user dll's ...
Registered in 0.000528 seconds.
Begin MonoManager ReloadAssembly
Native extension for WindowsStandalone target not found
Native extension for OSXStandalone target not found
Refreshing native plugins compatible for Editor in 0.17 ms, found 0 plugins.
Preloading 0 native plugins for Editor in 0.00 ms.
Mono: successfully reloaded assembly
- Completed reload, in  0.645 seconds
Platform modules already initialized, skipping
Refreshing native plugins compatible for Editor in 0.19 ms, found 0 plugins.
Preloading 0 native plugins for Editor in 0.00 ms.
Unloading 1110 Unused Serialized files (Serialized files now loaded: 0)
System memory in use before: 60.6 MB.
System memory in use after: 60.7 MB.

Unloading 5 unused Assets to reduce memory usage. Loaded Objects now: 1620.
Total: 1.378100 ms (FindLiveObjects: 0.128100 ms CreateObjectMapping: 0.033600 ms MarkObjects: 1.172800 ms  DeleteObjects: 0.042400 ms)

========================================================================
Received Import Request.
  Time since last request: 160.518143 seconds.
  path: Assets/New Material 1.mat
  artifactKey: Guid(9bcfc2336331a9d4182cb44e48180078) Importer(815301076,1909f56bfc062723c751e8b465ee728b)
Start importing Assets/New Material 1.mat using Guid(9bcfc2336331a9d4182cb44e48180078) Importer(815301076,1909f56bfc062723c751e8b465ee728b)  -> (artifact id: 'e87103099be1423aac7d783717959228') in 0.058562 seconds
  Import took 0.060808 seconds .

========================================================================
Received Prepare
Registering precompiled user dll's ...
Registered in 0.001056 seconds.
Begin MonoManager ReloadAssembly
Native extension for WindowsStandalone target not found
Native extension for OSXStandalone target not found
Refreshing native plugins compatible for Editor in 0.18 ms, found 0 plugins.
Preloading 0 native plugins for Editor in 0.00 ms.
Mono: successfully reloaded assembly
- Completed reload, in  0.682 seconds
Platform modules already initialized, skipping
Refreshing native plugins compatible for Editor in 0.17 ms, found 0 plugins.
Preloading 0 native plugins for Editor in 0.00 ms.
Unloading 1110 Unused Serialized files (Serialized files now loaded: 0)
System memory in use before: 60.6 MB.
System memory in use after: 60.7 MB.

Unloading 5 unused Assets to reduce memory usage. Loaded Objects now: 1624.
Total: 1.524200 ms (FindLiveObjects: 0.109900 ms CreateObjectMapping: 0.028600 ms MarkObjects: 1.347100 ms  DeleteObjects: 0.037800 ms)

========================================================================
Received Import Request.
  Time since last request: 84.998035 seconds.
  path: Assets/New Material 1.mat
  artifactKey: Guid(9bcfc2336331a9d4182cb44e48180078) Importer(815301076,1909f56bfc062723c751e8b465ee728b)
Start importing Assets/New Material 1.mat using Guid(9bcfc2336331a9d4182cb44e48180078) Importer(815301076,1909f56bfc062723c751e8b465ee728b)  -> (artifact id: '1364ef879dcc9eb716a8dbd7c8684880') in 0.055857 seconds
  Import took 0.058311 seconds .

========================================================================
Received Import Request.
  Time since last request: 1.103388 seconds.
  path: Assets/New Material.mat
  artifactKey: Guid(2a212cc73ad2d6e43a7d2de833e294b9) Importer(815301076,1909f56bfc062723c751e8b465ee728b)
Start importing Assets/New Material.mat using Guid(2a212cc73ad2d6e43a7d2de833e294b9) Importer(815301076,1909f56bfc062723c751e8b465ee728b)  -> (artifact id: '5917b50005ffff5a8101fd11e29d681e') in 0.012014 seconds
  Import took 0.014478 seconds .

========================================================================
Received Prepare
Registering precompiled user dll's ...
Registered in 0.000503 seconds.
Begin MonoManager ReloadAssembly
Native extension for WindowsStandalone target not found
Native extension for OSXStandalone target not found
Refreshing native plugins compatible for Editor in 0.18 ms, found 0 plugins.
Preloading 0 native plugins for Editor in 0.00 ms.
Mono: successfully reloaded assembly
- Completed reload, in  0.596 seconds
Platform modules already initialized, skipping
Refreshing native plugins compatible for Editor in 0.18 ms, found 0 plugins.
Preloading 0 native plugins for Editor in 0.00 ms.
Unloading 1110 Unused Serialized files (Serialized files now loaded: 0)
System memory in use before: 60.7 MB.
System memory in use after: 60.7 MB.

Unloading 5 unused Assets to reduce memory usage. Loaded Objects now: 1628.
Total: 3.574100 ms (FindLiveObjects: 0.249400 ms CreateObjectMapping: 0.085800 ms MarkObjects: 3.147800 ms  DeleteObjects: 0.089500 ms)

========================================================================
Received Import Request.
  Time since last request: 59.220658 seconds.
  path: Assets/New Material 1.mat
  artifactKey: Guid(9bcfc2336331a9d4182cb44e48180078) Importer(815301076,1909f56bfc062723c751e8b465ee728b)
Start importing Assets/New Material 1.mat using Guid(9bcfc2336331a9d4182cb44e48180078) Importer(815301076,1909f56bfc062723c751e8b465ee728b)  -> (artifact id: 'e87ce9d5b3cc313df08a9cfb09c68a4e') in 0.051819 seconds
  Import took 0.054216 seconds .

========================================================================
Received Import Request.
  Time since last request: 1.094562 seconds.
  path: Assets/New Material.mat
  artifactKey: Guid(2a212cc73ad2d6e43a7d2de833e294b9) Importer(815301076,1909f56bfc062723c751e8b465ee728b)
Start importing Assets/New Material.mat using Guid(2a212cc73ad2d6e43a7d2de833e294b9) Importer(815301076,1909f56bfc062723c751e8b465ee728b)  -> (artifact id: '3c64e3f1fe4f04d6f81879d09b13aeae') in 0.011169 seconds
  Import took 0.013246 seconds .

========================================================================
Received Prepare
Registering precompiled user dll's ...
Registered in 0.000666 seconds.
Begin MonoManager ReloadAssembly
Native extension for WindowsStandalone target not found
Native extension for OSXStandalone target not found
Refreshing native plugins compatible for Editor in 0.18 ms, found 0 plugins.
Preloading 0 native plugins for Editor in 0.00 ms.
Mono: successfully reloaded assembly
- Completed reload, in  0.645 seconds
Platform modules already initialized, skipping
Refreshing native plugins compatible for Editor in 0.18 ms, found 0 plugins.
Preloading 0 native plugins for Editor in 0.00 ms.
Unloading 1110 Unused Serialized files (Serialized files now loaded: 0)
System memory in use before: 60.7 MB.
System memory in use after: 60.7 MB.

Unloading 5 unused Assets to reduce memory usage. Loaded Objects now: 1632.
Total: 3.737400 ms (FindLiveObjects: 0.296700 ms CreateObjectMapping: 0.097900 ms MarkObjects: 3.235600 ms  DeleteObjects: 0.104700 ms)

========================================================================
Received Import Request.
  Time since last request: 59.303248 seconds.
  path: Assets/New Material 1.mat
  artifactKey: Guid(9bcfc2336331a9d4182cb44e48180078) Importer(815301076,1909f56bfc062723c751e8b465ee728b)
Start importing Assets/New Material 1.mat using Guid(9bcfc2336331a9d4182cb44e48180078) Importer(815301076,1909f56bfc062723c751e8b465ee728b)  -> (artifact id: '89aaa192ba19e2c4c694e37cc7a0e417') in 0.054274 seconds
  Import took 0.056276 seconds .

========================================================================
Received Import Request.
  Time since last request: 1.074294 seconds.
  path: Assets/New Material.mat
  artifactKey: Guid(2a212cc73ad2d6e43a7d2de833e294b9) Importer(815301076,1909f56bfc062723c751e8b465ee728b)
Start importing Assets/New Material.mat using Guid(2a212cc73ad2d6e43a7d2de833e294b9) Importer(815301076,1909f56bfc062723c751e8b465ee728b)  -> (artifact id: '8475f81f877c9bb40dcdd7d1e0b5ff2d') in 0.011109 seconds
  Import took 0.013723 seconds .

========================================================================
Received Prepare
Registering precompiled user dll's ...
Registered in 0.000549 seconds.
Begin MonoManager ReloadAssembly
Native extension for WindowsStandalone target not found
Native extension for OSXStandalone target not found
Refreshing native plugins compatible for Editor in 0.18 ms, found 0 plugins.
Preloading 0 native plugins for Editor in 0.00 ms.
Mono: successfully reloaded assembly
- Completed reload, in  0.657 seconds
Platform modules already initialized, skipping
Refreshing native plugins compatible for Editor in 0.18 ms, found 0 plugins.
Preloading 0 native plugins for Editor in 0.00 ms.
Unloading 1110 Unused Serialized files (Serialized files now loaded: 0)
System memory in use before: 60.7 MB.
System memory in use after: 60.8 MB.

Unloading 5 unused Assets to reduce memory usage. Loaded Objects now: 1636.
Total: 1.390100 ms (FindLiveObjects: 0.117400 ms CreateObjectMapping: 0.030400 ms MarkObjects: 1.202900 ms  DeleteObjects: 0.038500 ms)

========================================================================
Received Import Request.
  Time since last request: 175.567665 seconds.
  path: Assets/New Lighting Settings.lighting
  artifactKey: Guid(6a90f0afe4585d741a2f6fe7eb93d228) Importer(815301076,1909f56bfc062723c751e8b465ee728b)
Start importing Assets/New Lighting Settings.lighting using Guid(6a90f0afe4585d741a2f6fe7eb93d228) Importer(815301076,1909f56bfc062723c751e8b465ee728b)  -> (artifact id: '148ab9de88a5eeddddefb333ed5f5f8b') in 0.016518 seconds
  Import took 0.018563 seconds .

========================================================================
Received Prepare
Registering precompiled user dll's ...
Registered in 0.000563 seconds.
Begin MonoManager ReloadAssembly
Native extension for WindowsStandalone target not found
Native extension for OSXStandalone target not found
Refreshing native plugins compatible for Editor in 0.18 ms, found 0 plugins.
Preloading 0 native plugins for Editor in 0.00 ms.
Mono: successfully reloaded assembly
- Completed reload, in  0.600 seconds
Platform modules already initialized, skipping
Refreshing native plugins compatible for Editor in 0.17 ms, found 0 plugins.
Preloading 0 native plugins for Editor in 0.00 ms.
Unloading 1110 Unused Serialized files (Serialized files now loaded: 0)
System memory in use before: 60.7 MB.
System memory in use after: 60.8 MB.

Unloading 5 unused Assets to reduce memory usage. Loaded Objects now: 1639.
Total: 3.925900 ms (FindLiveObjects: 0.289100 ms CreateObjectMapping: 0.095100 ms MarkObjects: 3.428800 ms  DeleteObjects: 0.109800 ms)

========================================================================
Received Import Request.
  Time since last request: 215.038570 seconds.
  path: Assets/New Material 1.mat
  artifactKey: Guid(9bcfc2336331a9d4182cb44e48180078) Importer(815301076,1909f56bfc062723c751e8b465ee728b)
Start importing Assets/New Material 1.mat using Guid(9bcfc2336331a9d4182cb44e48180078) Importer(815301076,1909f56bfc062723c751e8b465ee728b)  -> (artifact id: 'fffddc0eee33d2dae418db556a99d056') in 0.054395 seconds
  Import took 0.056671 seconds .

========================================================================
Received Import Request.
  Time since last request: 0.833791 seconds.
  path: Assets/New Material.mat
  artifactKey: Guid(2a212cc73ad2d6e43a7d2de833e294b9) Importer(815301076,1909f56bfc062723c751e8b465ee728b)
Start importing Assets/New Material.mat using Guid(2a212cc73ad2d6e43a7d2de833e294b9) Importer(815301076,1909f56bfc062723c751e8b465ee728b)  -> (artifact id: '1c8a8a2ab12d3a3372f213ac1f6c3722') in 0.009883 seconds
  Import took 0.011869 seconds .

========================================================================
Received Prepare
Registering precompiled user dll's ...
Registered in 0.000494 seconds.
Begin MonoManager ReloadAssembly
Native extension for WindowsStandalone target not found
Native extension for OSXStandalone target not found
Refreshing native plugins compatible for Editor in 0.19 ms, found 0 plugins.
Preloading 0 native plugins for Editor in 0.00 ms.
Mono: successfully reloaded assembly
- Completed reload, in  0.605 seconds
Platform modules already initialized, skipping
Refreshing native plugins compatible for Editor in 0.17 ms, found 0 plugins.
Preloading 0 native plugins for Editor in 0.00 ms.
Unloading 1110 Unused Serialized files (Serialized files now loaded: 0)
System memory in use before: 60.7 MB.
System memory in use after: 60.8 MB.

Unloading 5 unused Assets to reduce memory usage. Loaded Objects now: 1643.
Total: 3.633800 ms (FindLiveObjects: 0.264100 ms CreateObjectMapping: 0.085100 ms MarkObjects: 3.193500 ms  DeleteObjects: 0.089400 ms)

========================================================================
Received Prepare
Registering precompiled user dll's ...
Registered in 0.000470 seconds.
Begin MonoManager ReloadAssembly
Native extension for WindowsStandalone target not found
Native extension for OSXStandalone target not found
Refreshing native plugins compatible for Editor in 0.21 ms, found 0 plugins.
Preloading 0 native plugins for Editor in 0.00 ms.
Mono: successfully reloaded assembly
- Completed reload, in  0.656 seconds
Platform modules already initialized, skipping
Refreshing native plugins compatible for Editor in 0.18 ms, found 0 plugins.
Preloading 0 native plugins for Editor in 0.00 ms.
Unloading 1110 Unused Serialized files (Serialized files now loaded: 0)
System memory in use before: 60.7 MB.
System memory in use after: 60.8 MB.

Unloading 5 unused Assets to reduce memory usage. Loaded Objects now: 1646.
Total: 1.614900 ms (FindLiveObjects: 0.140200 ms CreateObjectMapping: 0.035400 ms MarkObjects: 1.395400 ms  DeleteObjects: 0.042800 ms)

========================================================================
Received Prepare
Registering precompiled user dll's ...
Registered in 0.000449 seconds.
Begin MonoManager ReloadAssembly
Native extension for WindowsStandalone target not found
Native extension for OSXStandalone target not found
Refreshing native plugins compatible for Editor in 0.18 ms, found 0 plugins.
Preloading 0 native plugins for Editor in 0.00 ms.
Mono: successfully reloaded assembly
- Completed reload, in  0.642 seconds
Platform modules already initialized, skipping
Refreshing native plugins compatible for Editor in 0.18 ms, found 0 plugins.
Preloading 0 native plugins for Editor in 0.00 ms.
Unloading 1110 Unused Serialized files (Serialized files now loaded: 0)
System memory in use before: 60.7 MB.
System memory in use after: 60.8 MB.

Unloading 5 unused Assets to reduce memory usage. Loaded Objects now: 1649.
Total: 1.355200 ms (FindLiveObjects: 0.124800 ms CreateObjectMapping: 0.032500 ms MarkObjects: 1.157500 ms  DeleteObjects: 0.039200 ms)

========================================================================
Received Import Request.
  Time since last request: 258.455721 seconds.
  path: Assets/New Material 1.mat
  artifactKey: Guid(9bcfc2336331a9d4182cb44e48180078) Importer(815301076,1909f56bfc062723c751e8b465ee728b)
Start importing Assets/New Material 1.mat using Guid(9bcfc2336331a9d4182cb44e48180078) Importer(815301076,1909f56bfc062723c751e8b465ee728b)  -> (artifact id: '891b30435387eb008417ca6927b7ed88') in 0.057356 seconds
  Import took 0.059377 seconds .

========================================================================
Received Import Request.
  Time since last request: 0.919691 seconds.
  path: Assets/New Material.mat
  artifactKey: Guid(2a212cc73ad2d6e43a7d2de833e294b9) Importer(815301076,1909f56bfc062723c751e8b465ee728b)
Start importing Assets/New Material.mat using Guid(2a212cc73ad2d6e43a7d2de833e294b9) Importer(815301076,1909f56bfc062723c751e8b465ee728b)  -> (artifact id: '9eca2a0d1a3e066a244f6fcaf881cf57') in 0.010670 seconds
  Import took 0.012760 seconds .

========================================================================
Received Prepare
Registering precompiled user dll's ...
Registered in 0.000497 seconds.
Begin MonoManager ReloadAssembly
Native extension for WindowsStandalone target not found
Native extension for OSXStandalone target not found
Refreshing native plugins compatible for Editor in 0.21 ms, found 0 plugins.
Preloading 0 native plugins for Editor in 0.00 ms.
Mono: successfully reloaded assembly
- Completed reload, in  0.607 seconds
Platform modules already initialized, skipping
Refreshing native plugins compatible for Editor in 0.16 ms, found 0 plugins.
Preloading 0 native plugins for Editor in 0.00 ms.
Unloading 1110 Unused Serialized files (Serialized files now loaded: 0)
System memory in use before: 60.7 MB.
System memory in use after: 60.8 MB.

Unloading 5 unused Assets to reduce memory usage. Loaded Objects now: 1653.
Total: 4.904500 ms (FindLiveObjects: 0.352800 ms CreateObjectMapping: 0.114700 ms MarkObjects: 4.308500 ms  DeleteObjects: 0.125800 ms)

========================================================================
Received Prepare
Registering precompiled user dll's ...
Registered in 0.000472 seconds.
Begin MonoManager ReloadAssembly
Native extension for WindowsStandalone target not found
Native extension for OSXStandalone target not found
Refreshing native plugins compatible for Editor in 0.19 ms, found 0 plugins.
Preloading 0 native plugins for Editor in 0.00 ms.
Mono: successfully reloaded assembly
- Completed reload, in  0.663 seconds
Platform modules already initialized, skipping
Refreshing native plugins compatible for Editor in 0.22 ms, found 0 plugins.
Preloading 0 native plugins for Editor in 0.00 ms.
Unloading 1110 Unused Serialized files (Serialized files now loaded: 0)
System memory in use before: 60.7 MB.
System memory in use after: 60.8 MB.

Unloading 5 unused Assets to reduce memory usage. Loaded Objects now: 1656.
Total: 1.313500 ms (FindLiveObjects: 0.131400 ms CreateObjectMapping: 0.035500 ms MarkObjects: 1.104400 ms  DeleteObjects: 0.041300 ms)

========================================================================
Received Prepare
Registering precompiled user dll's ...
Registered in 0.000481 seconds.
Begin MonoManager ReloadAssembly
Native extension for WindowsStandalone target not found
Native extension for OSXStandalone target not found
Refreshing native plugins compatible for Editor in 0.18 ms, found 0 plugins.
Preloading 0 native plugins for Editor in 0.00 ms.
Mono: successfully reloaded assembly
- Completed reload, in  0.669 seconds
Platform modules already initialized, skipping
Refreshing native plugins compatible for Editor in 0.18 ms, found 0 plugins.
Preloading 0 native plugins for Editor in 0.00 ms.
Unloading 1110 Unused Serialized files (Serialized files now loaded: 0)
System memory in use before: 60.7 MB.
System memory in use after: 60.8 MB.

Unloading 5 unused Assets to reduce memory usage. Loaded Objects now: 1659.
Total: 1.478000 ms (FindLiveObjects: 0.176100 ms CreateObjectMapping: 0.063100 ms MarkObjects: 1.193500 ms  DeleteObjects: 0.043100 ms)

========================================================================
Received Prepare
Registering precompiled user dll's ...
Registered in 0.000599 seconds.
Begin MonoManager ReloadAssembly
Native extension for WindowsStandalone target not found
Native extension for OSXStandalone target not found
Refreshing native plugins compatible for Editor in 0.18 ms, found 0 plugins.
Preloading 0 native plugins for Editor in 0.00 ms.
Mono: successfully reloaded assembly
- Completed reload, in  0.649 seconds
Platform modules already initialized, skipping
Refreshing native plugins compatible for Editor in 0.20 ms, found 0 plugins.
Preloading 0 native plugins for Editor in 0.00 ms.
Unloading 1110 Unused Serialized files (Serialized files now loaded: 0)
System memory in use before: 60.7 MB.
System memory in use after: 60.8 MB.

Unloading 5 unused Assets to reduce memory usage. Loaded Objects now: 1662.
Total: 1.540300 ms (FindLiveObjects: 0.204500 ms CreateObjectMapping: 0.032600 ms MarkObjects: 1.259500 ms  DeleteObjects: 0.043000 ms)

========================================================================
Received Prepare
Registering precompiled user dll's ...
Registered in 0.000534 seconds.
Begin MonoManager ReloadAssembly
Native extension for WindowsStandalone target not found
Native extension for OSXStandalone target not found
Refreshing native plugins compatible for Editor in 0.19 ms, found 0 plugins.
Preloading 0 native plugins for Editor in 0.00 ms.
Mono: successfully reloaded assembly
- Completed reload, in  0.659 seconds
Platform modules already initialized, skipping
Refreshing native plugins compatible for Editor in 0.19 ms, found 0 plugins.
Preloading 0 native plugins for Editor in 0.00 ms.
Unloading 1110 Unused Serialized files (Serialized files now loaded: 0)
System memory in use before: 60.7 MB.
System memory in use after: 60.8 MB.

Unloading 5 unused Assets to reduce memory usage. Loaded Objects now: 1665.
Total: 1.609000 ms (FindLiveObjects: 0.173800 ms CreateObjectMapping: 0.035700 ms MarkObjects: 1.358900 ms  DeleteObjects: 0.039700 ms)

========================================================================
Received Import Request.
  Time since last request: 771.554399 seconds.
  path: Assets/New Material 1.mat
  artifactKey: Guid(9bcfc2336331a9d4182cb44e48180078) Importer(815301076,1909f56bfc062723c751e8b465ee728b)
Start importing Assets/New Material 1.mat using Guid(9bcfc2336331a9d4182cb44e48180078) Importer(815301076,1909f56bfc062723c751e8b465ee728b)  -> (artifact id: '4ec41074d965de08647ede2b15f765c2') in 0.055698 seconds
  Import took 0.058279 seconds .

========================================================================
Received Import Request.
  Time since last request: 0.187164 seconds.
  path: Assets/New Material.mat
  artifactKey: Guid(2a212cc73ad2d6e43a7d2de833e294b9) Importer(815301076,1909f56bfc062723c751e8b465ee728b)
Start importing Assets/New Material.mat using Guid(2a212cc73ad2d6e43a7d2de833e294b9) Importer(815301076,1909f56bfc062723c751e8b465ee728b)  -> (artifact id: 'c3685ae9706864d35140daba903aabb3') in 0.010762 seconds
  Import took 0.013066 seconds .

========================================================================
Received Prepare
Registering precompiled user dll's ...
Registered in 0.000481 seconds.
Begin MonoManager ReloadAssembly
Native extension for WindowsStandalone target not found
Native extension for OSXStandalone target not found
Refreshing native plugins compatible for Editor in 0.18 ms, found 0 plugins.
Preloading 0 native plugins for Editor in 0.00 ms.
Mono: successfully reloaded assembly
- Completed reload, in  0.640 seconds
Platform modules already initialized, skipping
Refreshing native plugins compatible for Editor in 0.18 ms, found 0 plugins.
Preloading 0 native plugins for Editor in 0.00 ms.
Unloading 1110 Unused Serialized files (Serialized files now loaded: 0)
System memory in use before: 60.8 MB.
System memory in use after: 60.8 MB.

Unloading 5 unused Assets to reduce memory usage. Loaded Objects now: 1669.
Total: 5.190400 ms (FindLiveObjects: 0.350400 ms CreateObjectMapping: 0.118200 ms MarkObjects: 4.557600 ms  DeleteObjects: 0.161500 ms)

========================================================================
Received Prepare
Registering precompiled user dll's ...
Registered in 0.001148 seconds.
Begin MonoManager ReloadAssembly
Native extension for WindowsStandalone target not found
Native extension for OSXStandalone target not found
Refreshing native plugins compatible for Editor in 0.20 ms, found 0 plugins.
Preloading 0 native plugins for Editor in 0.00 ms.
[ScriptCompilation] NOT recompiling all scripts because this is an import worker process. Reason to compile was: Define symbols changed
Mono: successfully reloaded assembly
- Completed reload, in  0.652 seconds
Platform modules already initialized, skipping
Refreshing native plugins compatible for Editor in 0.21 ms, found 0 plugins.
Preloading 0 native plugins for Editor in 0.00 ms.
Unloading 1230 Unused Serialized files (Serialized files now loaded: 0)
System memory in use before: 68.3 MB.
System memory in use after: 66.4 MB.

Unloading 32 unused Assets to reduce memory usage. Loaded Objects now: 1765.
Total: 2.148500 ms (FindLiveObjects: 0.190100 ms CreateObjectMapping: 0.047800 ms MarkObjects: 1.354900 ms  DeleteObjects: 0.554200 ms)

========================================================================
Received Import Request.
  Time since last request: 517.641362 seconds.
  path: Assets/ppc profile.asset
  artifactKey: Guid(8774e73cfb2e70a4fa7348ba180970c8) Importer(815301076,1909f56bfc062723c751e8b465ee728b)
Start importing Assets/ppc profile.asset using Guid(8774e73cfb2e70a4fa7348ba180970c8) Importer(815301076,1909f56bfc062723c751e8b465ee728b)  -> (artifact id: '150cd24fa15c394856e6155ce65ccd31') in 0.016674 seconds
  Import took 0.018489 seconds .

========================================================================
Received Import Request.
  Time since last request: 0.004099 seconds.
  path: Assets/ppc profile.asset
  artifactKey: Guid(8774e73cfb2e70a4fa7348ba180970c8) Importer(815301076,1909f56bfc062723c751e8b465ee728b)
Start importing Assets/ppc profile.asset using Guid(8774e73cfb2e70a4fa7348ba180970c8) Importer(815301076,1909f56bfc062723c751e8b465ee728b)  -> (artifact id: '150cd24fa15c394856e6155ce65ccd31') in 0.002888 seconds
  Import took 0.005333 seconds .

========================================================================
Received Import Request.
  Time since last request: 4.569665 seconds.
  path: Assets/ppc profile.asset
  artifactKey: Guid(8774e73cfb2e70a4fa7348ba180970c8) Importer(815301076,1909f56bfc062723c751e8b465ee728b)
Start importing Assets/ppc profile.asset using Guid(8774e73cfb2e70a4fa7348ba180970c8) Importer(815301076,1909f56bfc062723c751e8b465ee728b)  -> (artifact id: '7a3cce35768362cd1a1672eea387a7a9') in 0.009887 seconds
  Import took 0.011833 seconds .

========================================================================
Received Import Request.
  Time since last request: 0.009036 seconds.
  path: Assets/ppc profile.asset
  artifactKey: Guid(8774e73cfb2e70a4fa7348ba180970c8) Importer(815301076,1909f56bfc062723c751e8b465ee728b)
Start importing Assets/ppc profile.asset using Guid(8774e73cfb2e70a4fa7348ba180970c8) Importer(815301076,1909f56bfc062723c751e8b465ee728b)  -> (artifact id: '7a3cce35768362cd1a1672eea387a7a9') in 0.002739 seconds
  Import took 0.004781 seconds .

========================================================================
Received Prepare
Registering precompiled user dll's ...
Registered in 0.000541 seconds.
Begin MonoManager ReloadAssembly
Native extension for WindowsStandalone target not found
Native extension for OSXStandalone target not found
Refreshing native plugins compatible for Editor in 0.22 ms, found 0 plugins.
Preloading 0 native plugins for Editor in 0.00 ms.
Mono: successfully reloaded assembly
- Completed reload, in  0.674 seconds
Platform modules already initialized, skipping
Refreshing native plugins compatible for Editor in 0.22 ms, found 0 plugins.
Preloading 0 native plugins for Editor in 0.00 ms.
Unloading 1230 Unused Serialized files (Serialized files now loaded: 0)
System memory in use before: 68.3 MB.
System memory in use after: 66.4 MB.

Unloading 32 unused Assets to reduce memory usage. Loaded Objects now: 1768.
Total: 2.150600 ms (FindLiveObjects: 0.155800 ms CreateObjectMapping: 0.042600 ms MarkObjects: 1.321200 ms  DeleteObjects: 0.629900 ms)

========================================================================
Received Prepare
Registering precompiled user dll's ...
Registered in 0.000660 seconds.
Begin MonoManager ReloadAssembly
Native extension for WindowsStandalone target not found
Native extension for OSXStandalone target not found
Refreshing native plugins compatible for Editor in 0.20 ms, found 0 plugins.
Preloading 0 native plugins for Editor in 0.00 ms.
Mono: successfully reloaded assembly
- Completed reload, in  0.611 seconds
Platform modules already initialized, skipping
Refreshing native plugins compatible for Editor in 0.19 ms, found 0 plugins.
Preloading 0 native plugins for Editor in 0.00 ms.
Unloading 1230 Unused Serialized files (Serialized files now loaded: 0)
System memory in use before: 68.3 MB.
System memory in use after: 66.4 MB.

Unloading 32 unused Assets to reduce memory usage. Loaded Objects now: 1771.
Total: 5.567300 ms (FindLiveObjects: 0.292100 ms CreateObjectMapping: 0.099200 ms MarkObjects: 3.553500 ms  DeleteObjects: 1.619100 ms)

========================================================================
Received Import Request.
  Time since last request: 149.907927 seconds.
  path: Assets/ppc profile.asset
  artifactKey: Guid(8774e73cfb2e70a4fa7348ba180970c8) Importer(815301076,1909f56bfc062723c751e8b465ee728b)
Start importing Assets/ppc profile.asset using Guid(8774e73cfb2e70a4fa7348ba180970c8) Importer(815301076,1909f56bfc062723c751e8b465ee728b)  -> (artifact id: '6413e01729cb9361dc56eb72d84e9b40') in 0.018464 seconds
  Import took 0.020661 seconds .

========================================================================
Received Prepare
Registering precompiled user dll's ...
Registered in 0.000507 seconds.
Begin MonoManager ReloadAssembly
Native extension for WindowsStandalone target not found
Native extension for OSXStandalone target not found
Refreshing native plugins compatible for Editor in 0.20 ms, found 0 plugins.
Preloading 0 native plugins for Editor in 0.00 ms.
Mono: successfully reloaded assembly
- Completed reload, in  0.629 seconds
Platform modules already initialized, skipping
Refreshing native plugins compatible for Editor in 0.20 ms, found 0 plugins.
Preloading 0 native plugins for Editor in 0.00 ms.
Unloading 1230 Unused Serialized files (Serialized files now loaded: 0)
System memory in use before: 68.4 MB.
System memory in use after: 66.4 MB.

Unloading 32 unused Assets to reduce memory usage. Loaded Objects now: 1774.
Total: 7.140300 ms (FindLiveObjects: 0.397700 ms CreateObjectMapping: 0.136200 ms MarkObjects: 4.440500 ms  DeleteObjects: 2.163100 ms)

========================================================================
Received Import Request.
  Time since last request: 49.582595 seconds.
  path: Assets/ppc profile.asset
  artifactKey: Guid(8774e73cfb2e70a4fa7348ba180970c8) Importer(815301076,1909f56bfc062723c751e8b465ee728b)
Start importing Assets/ppc profile.asset using Guid(8774e73cfb2e70a4fa7348ba180970c8) Importer(815301076,1909f56bfc062723c751e8b465ee728b)  -> (artifact id: '5ca1775b1e8a39906534802b5e297c06') in 0.017712 seconds
  Import took 0.020210 seconds .

========================================================================
Received Import Request.
  Time since last request: 68.871975 seconds.
  path: Assets/ppc profile.asset
  artifactKey: Guid(8774e73cfb2e70a4fa7348ba180970c8) Importer(815301076,1909f56bfc062723c751e8b465ee728b)
Start importing Assets/ppc profile.asset using Guid(8774e73cfb2e70a4fa7348ba180970c8) Importer(815301076,1909f56bfc062723c751e8b465ee728b)  -> (artifact id: '9dc9612abfb51a8888c1264148a6426c') in 0.011116 seconds
  Import took 0.013430 seconds .

========================================================================
Received Import Request.
  Time since last request: 16.430122 seconds.
  path: Assets/ppc profile.asset
  artifactKey: Guid(8774e73cfb2e70a4fa7348ba180970c8) Importer(815301076,1909f56bfc062723c751e8b465ee728b)
Start importing Assets/ppc profile.asset using Guid(8774e73cfb2e70a4fa7348ba180970c8) Importer(815301076,1909f56bfc062723c751e8b465ee728b)  -> (artifact id: 'b8acc81b3ef3593f80ddd9ba92376a46') in 0.003057 seconds
  Import took 0.005265 seconds .

========================================================================
Received Prepare
Registering precompiled user dll's ...
Registered in 0.000874 seconds.
Begin MonoManager ReloadAssembly
Native extension for WindowsStandalone target not found
Native extension for OSXStandalone target not found
Refreshing native plugins compatible for Editor in 0.20 ms, found 0 plugins.
Preloading 0 native plugins for Editor in 0.00 ms.
Mono: successfully reloaded assembly
- Completed reload, in  0.652 seconds
Platform modules already initialized, skipping
Refreshing native plugins compatible for Editor in 0.21 ms, found 0 plugins.
Preloading 0 native plugins for Editor in 0.00 ms.
Unloading 1230 Unused Serialized files (Serialized files now loaded: 0)
System memory in use before: 68.4 MB.
System memory in use after: 66.4 MB.

Unloading 32 unused Assets to reduce memory usage. Loaded Objects now: 1777.
Total: 2.001600 ms (FindLiveObjects: 0.188600 ms CreateObjectMapping: 0.036800 ms MarkObjects: 1.185400 ms  DeleteObjects: 0.588100 ms)

========================================================================
Received Import Request.
  Time since last request: 180.896379 seconds.
  path: ProjectSettings/TagManager.asset
  artifactKey: Guid(00000000000000003000000000000000) Importer(815301076,1909f56bfc062723c751e8b465ee728b)
Start importing ProjectSettings/TagManager.asset using Guid(00000000000000003000000000000000) Importer(815301076,1909f56bfc062723c751e8b465ee728b)  -> (artifact id: 'f0680538e3bf6205c8fcff5f1ca17e6d') in 0.014203 seconds
  Import took 0.016088 seconds .

========================================================================
Received Prepare
Registering precompiled user dll's ...
Registered in 0.000521 seconds.
Begin MonoManager ReloadAssembly
Native extension for WindowsStandalone target not found
Native extension for OSXStandalone target not found
Refreshing native plugins compatible for Editor in 0.20 ms, found 0 plugins.
Preloading 0 native plugins for Editor in 0.00 ms.
Mono: successfully reloaded assembly
- Completed reload, in  0.641 seconds
Platform modules already initialized, skipping
Refreshing native plugins compatible for Editor in 0.24 ms, found 0 plugins.
Preloading 0 native plugins for Editor in 0.00 ms.
Unloading 1230 Unused Serialized files (Serialized files now loaded: 0)
System memory in use before: 68.3 MB.
System memory in use after: 66.4 MB.

Unloading 33 unused Assets to reduce memory usage. Loaded Objects now: 1780.
Total: 6.637600 ms (FindLiveObjects: 0.374500 ms CreateObjectMapping: 0.128700 ms MarkObjects: 4.408300 ms  DeleteObjects: 1.723900 ms)

========================================================================
Received Prepare
Registering precompiled user dll's ...
Registered in 0.000493 seconds.
Begin MonoManager ReloadAssembly
Native extension for WindowsStandalone target not found
Native extension for OSXStandalone target not found
Refreshing native plugins compatible for Editor in 0.20 ms, found 0 plugins.
Preloading 0 native plugins for Editor in 0.00 ms.
Mono: successfully reloaded assembly
- Completed reload, in  0.635 seconds
Platform modules already initialized, skipping
Refreshing native plugins compatible for Editor in 0.21 ms, found 0 plugins.
Preloading 0 native plugins for Editor in 0.00 ms.
Unloading 1230 Unused Serialized files (Serialized files now loaded: 0)
System memory in use before: 68.4 MB.
System memory in use after: 66.4 MB.

Unloading 32 unused Assets to reduce memory usage. Loaded Objects now: 1783.
Total: 2.064500 ms (FindLiveObjects: 0.144900 ms CreateObjectMapping: 0.041800 ms MarkObjects: 1.267600 ms  DeleteObjects: 0.608900 ms)

========================================================================
Received Prepare
Registering precompiled user dll's ...
Registered in 0.000515 seconds.
Begin MonoManager ReloadAssembly
Native extension for WindowsStandalone target not found
Native extension for OSXStandalone target not found
Refreshing native plugins compatible for Editor in 0.20 ms, found 0 plugins.
Preloading 0 native plugins for Editor in 0.00 ms.
Mono: successfully reloaded assembly
- Completed reload, in  0.623 seconds
Platform modules already initialized, skipping
Refreshing native plugins compatible for Editor in 0.20 ms, found 0 plugins.
Preloading 0 native plugins for Editor in 0.00 ms.
Unloading 1230 Unused Serialized files (Serialized files now loaded: 0)
System memory in use before: 68.4 MB.
System memory in use after: 66.4 MB.

Unloading 32 unused Assets to reduce memory usage. Loaded Objects now: 1786.
Total: 2.226700 ms (FindLiveObjects: 0.132000 ms CreateObjectMapping: 0.036800 ms MarkObjects: 1.439600 ms  DeleteObjects: 0.617600 ms)

AssetImportWorkerClient::OnTransportError - code=2 error=End of file
